  AvlTree.cpp
C:\Users\om878\Desktop\Datastructure\Datastructure\AvlTree.cpp(57,9): error C2561: 'AvlTree::Delete': function must return a value
C:\Users\om878\Desktop\Datastructure\Datastructure\AvlTree.cpp(55,16): message : see declaration of 'AvlTree::Delete'
C:\Users\om878\Desktop\Datastructure\Datastructure\AvlTree.cpp(92,9): error C2561: 'AvlTree::Delete': function must return a value
C:\Users\om878\Desktop\Datastructure\Datastructure\AvlTree.cpp(55,16): message : see declaration of 'AvlTree::Delete'
  BSTtree.cpp
  DoubledLinkedList.cpp
  Heap.cpp
  IdataStructure.cpp
  LinkedList.cpp
  LinkedQueue.cpp
  LinkedStack.cpp
  Main.cpp
C:\Users\om878\Desktop\Datastructure\Datastructure\LinkedList.h(7,12): error C2011: 'node': 'class' type redefinition
C:\Users\om878\Desktop\Datastructure\Datastructure\LinkedStack.h(7,7): message : see declaration of 'node'
C:\Users\om878\Desktop\Datastructure\Datastructure\LinkedList.h(14,15): error C2027: use of undefined type 'node'
C:\Users\om878\Desktop\Datastructure\Datastructure\LinkedStack.h(7,7): message : see declaration of 'node'
C:\Users\om878\Desktop\Datastructure\Datastructure\DoubledLinkedList.h(15,18): error C2027: use of undefined type 'node'
C:\Users\om878\Desktop\Datastructure\Datastructure\DoubledLinkedList.h(7,7): message : see declaration of 'node'
C:\Users\om878\Desktop\Datastructure\Datastructure\LinkedQueue.h(14,16): error C2027: use of undefined type 'node'
C:\Users\om878\Desktop\Datastructure\Datastructure\LinkedQueue.h(7,7): message : see declaration of 'node'
C:\Users\om878\Desktop\Datastructure\Datastructure\LinkedQueue.h(15,15): error C2027: use of undefined type 'node'
C:\Users\om878\Desktop\Datastructure\Datastructure\LinkedQueue.h(7,7): message : see declaration of 'node'
C:\Users\om878\Desktop\Datastructure\Datastructure\AvlTree.h(15,15): error C2027: use of undefined type 'node'
C:\Users\om878\Desktop\Datastructure\Datastructure\AvlTree.h(6,7): message : see declaration of 'node'
C:\Users\om878\Desktop\Datastructure\Datastructure\BSTtree.h(15,15): error C2027: use of undefined type 'node'
C:\Users\om878\Desktop\Datastructure\Datastructure\BSTtree.h(7,7): message : see declaration of 'node'
  Stack.cpp
  VectorClass.cpp
  Generating Code...
C:\Users\om878\Desktop\Datastructure\Datastructure\VectorClass.cpp(27): warning C4715: 'VectorClass::get': not all control paths return a value
C:\Users\om878\Desktop\Datastructure\Datastructure\BSTtree.cpp(58): warning C4715: 'BSTtree::Search': not all control paths return a value
C:\Users\om878\Desktop\Datastructure\Datastructure\BSTtree.cpp(87): warning C4715: 'BSTtree::Findmin': not all control paths return a value
C:\Users\om878\Desktop\Datastructure\Datastructure\BSTtree.cpp(73): warning C4715: 'BSTtree::Findmax': not all control paths return a value
